2026-04-17 02:01:27 +0000 [MT] Initial pipeline context: <IDEDistributionProcessingPipelineContext: 0x126066b90; archive(resolved)="<IDEArchive: 0x1191958b0>", distributionTask(resolved)="2", distributionDestination(resolved)="1", distributionMethod(resolved)="<IDEDistributionMethodDevelopmentSigned: 0x12605c6a0>", team(resolved)="<IDEProvisioningBasicTeam: 0x11a221fb0; teamID='8WLSQGT392', teamName='(null)'>">
	Chain (14, self inclusive):
	<IDEDistributionProcessingPipelineContext: 0x126066b90; archive = "<IDEArchive: 0x1191958b0>", distributionMethod="<IDEDistributionMethodDevelopmentSigned: 0x12605c6a0>", team="<IDEProvisioningBasicTeam: 0x11a221fb0; teamID='8WLSQGT392', teamName='(null)'>">
	<IDEDistributionProcessingPipelineContext: 0x1260e2b70; archive = "<IDEArchive: 0x1191958b0>", distributionMethod="<IDEDistributionMethodDevelopmentSigned: 0x12605c6a0>", team="<IDEProvisioningBasicTeam: 0x11a221fb0; teamID='8WLSQGT392', teamName='(null)'>">
	<IDEDistributionContext: 0x1260d9670; archive = "<IDEArchive: 0x1191958b0>", distributionMethod="<IDEDistributionMethodDevelopmentSigned: 0x12605c6a0>", team="<IDEProvisioningBasicTeam: 0x11a221fb0; teamID='8WLSQGT392', teamName='(null)'>">
	<IDEDistributionContext: 0x1191e76c0; archive = "<IDEArchive: 0x1191958b0>", distributionMethod="<IDEDistributionMethodDevelopmentSigned: 0x12605c6a0>", team="<IDEProvisioningBasicTeam: 0x11a221fb0; teamID='8WLSQGT392', teamName='(null)'>">
	<IDEDistributionContext: 0x11a209df0; archive = "<IDEArchive: 0x1191958b0>", distributionMethod="<IDEDistributionMethodDevelopmentSigned: 0x12605c6a0>", team="<IDEProvisioningBasicTeam: 0x11a221fb0; teamID='8WLSQGT392', teamName='(null)'>">
	<IDEDistributionContext: 0x12606d3f0; archive = "<IDEArchive: 0x1191958b0>", distributionMethod="<IDEDistributionMethodDevelopmentSigned: 0x12605c6a0>", team="<IDEProvisioningBasicTeam: 0x11a221fb0; teamID='8WLSQGT392', teamName='(null)'>">
	<IDEDistributionContext: 0x11a232660; archive = "<IDEArchive: 0x1191958b0>", distributionMethod="<IDEDistributionMethodDevelopmentSigned: 0x12605c6a0>", team="<IDEProvisioningBasicTeam: 0x11a221fb0; teamID='8WLSQGT392', teamName='(null)'>">
	<IDEDistributionContext: 0x11a20ec10; archive = "<IDEArchive: 0x1191958b0>", distributionMethod="<IDEDistributionMethodDevelopmentSigned: 0x12605c6a0>", team="<IDEProvisioningBasicTeam: 0x11a221fb0; teamID='8WLSQGT392', teamName='(null)'>">
	<IDEDistributionContext: 0x141f69bc0; archive = "<IDEArchive: 0x1191958b0>", distributionMethod="<IDEDistributionMethodDevelopmentSigned: 0x12605c6a0>", team="<IDEProvisioningBasicTeam: 0x11a221fb0; teamID='8WLSQGT392', teamName='(null)'>">
	<IDEDistributionContext: 0x141f685a0; archive = "<IDEArchive: 0x1191958b0>", distributionMethod="<IDEDistributionMethodDevelopmentSigned: 0x12605c6a0>", team="(null)">
	<IDEDistributionContext: 0x141f6c650; archive = "<IDEArchive: 0x1191958b0>", distributionMethod="<IDEDistributionMethodDevelopmentSigned: 0x12605c6a0>", team="(null)">
	<IDEDistributionContext: 0x118af1ee0; archive = "<IDEArchive: 0x1191958b0>", distributionMethod="<IDEDistributionMethodDevelopmentSigned: 0x12605c6a0>", team="(null)">
	<IDEDistributionContext: 0x14316c510; archive = "<IDEArchive: 0x1191958b0>", distributionMethod="<IDEDistributionMethodDevelopmentSigned: 0x12605c6a0>", team="(null)">
	<IDEDistributionContext: 0x1191965b0; archive = "<IDEArchive: 0x1191958b0>", distributionMethod="(null)", team="(null)">
</IDEDistributionProcessingPipelineContext: 0x126066b90>
2026-04-17 02:01:27 +0000 [MT] Processing step: IDEDistributionCreateDestRootStep
2026-04-17 02:01:27 +0000 [MT] Processing step: IDEDistributionCopyItemStep
2026-04-17 02:01:27 +0000 [MT] Running /usr/bin/ditto '-V' '/Users/galio/Documents/Developer/AI/XMusic/build/XMusic.xcarchive/Products/Applications/XMusic.app' '/var/folders/lm/3nddj4b559z47w89kptqhd880000gn/T/XcodeDistPipeline.~~~hJcLB6/Root/Payload/XMusic.app'
2026-04-17 02:01:27 +0000  >>> Copying /Users/galio/Documents/Developer/AI/XMusic/build/XMusic.xcarchive/Products/Applications/XMusic.app 
2026-04-17 02:01:27 +0000  copying file ./_CodeSignature/CodeResources ... 
2026-04-17 02:01:27 +0000  3625 bytes for ./_CodeSignature/CodeResources
2026-04-17 02:01:27 +0000  copying file ./AppIcon60x60@2x.png ... 
2026-04-17 02:01:27 +0000  33173 bytes for ./AppIcon60x60@2x.png
2026-04-17 02:01:27 +0000  copying file ./Assets.car ... 
2026-04-17 02:01:27 +0000  2928856 bytes for ./Assets.car
2026-04-17 02:01:27 +0000  copying file ./AppIcon76x76@2x~ipad.png ... 
2026-04-17 02:01:27 +0000  47556 bytes for ./AppIcon76x76@2x~ipad.png
2026-04-17 02:01:27 +0000  copying file ./LaunchScreen.storyboardc/01J-lp-oVM-view-Ze5-6b-2t3.nib ... 
2026-04-17 02:01:27 +0000  2579 bytes for ./LaunchScreen.storyboardc/01J-lp-oVM-view-Ze5-6b-2t3.nib
2026-04-17 02:01:27 +0000  copying file ./LaunchScreen.storyboardc/UIViewController-01J-lp-oVM.nib ... 
2026-04-17 02:01:27 +0000  924 bytes for ./LaunchScreen.storyboardc/UIViewController-01J-lp-oVM.nib
2026-04-17 02:01:27 +0000  copying file ./LaunchScreen.storyboardc/Info.plist ... 
2026-04-17 02:01:27 +0000  258 bytes for ./LaunchScreen.storyboardc/Info.plist
2026-04-17 02:01:27 +0000  copying file ./embedded.mobileprovision ... 
2026-04-17 02:01:27 +0000  12372 bytes for ./embedded.mobileprovision
2026-04-17 02:01:27 +0000  copying file ./XMusic ... 
2026-04-17 02:01:27 +0000  2886128 bytes for ./XMusic
2026-04-17 02:01:27 +0000  copying file ./Info.plist ... 
2026-04-17 02:01:27 +0000  1910 bytes for ./Info.plist
2026-04-17 02:01:27 +0000  copying file ./PkgInfo ... 
2026-04-17 02:01:27 +0000  8 bytes for ./PkgInfo
2026-04-17 02:01:27 +0000 [MT] /usr/bin/ditto exited with 0
2026-04-17 02:01:27 +0000 [MT] Processing step: IDEDistributionEmbedProfileStep
2026-04-17 02:01:27 +0000 [MT] Processing step: IDEDistributionInfoPlistStep
2026-04-17 02:01:27 +0000 [MT] Skipping step: IDEDistributionInfoPlistStep because it said so
2026-04-17 02:01:27 +0000 [MT] Processing step: IDEDistributionAppThinningPlistStep
2026-04-17 02:01:27 +0000 [MT] Skipping step: IDEDistributionAppThinningPlistStep because it said so
2026-04-17 02:01:27 +0000 [MT] Processing step: IDEDistributionSymbolsStep
2026-04-17 02:01:27 +0000 [MT] Skipping step: IDEDistributionSymbolsStep because it said so
2026-04-17 02:01:27 +0000 [MT] Processing step: IDEDistributionAppThinningStep
2026-04-17 02:01:27 +0000 [MT] Skipping step: IDEDistributionAppThinningStep because it said so
2026-04-17 02:01:27 +0000 [MT] Processing step: IDEDistributionArchThinningStep
2026-04-17 02:01:27 +0000 [MT] Archs to thin for item /Users/galio/Documents/Developer/AI/XMusic/build/XMusic.xcarchive/Products/Applications/XMusic.app are []
2026-04-17 02:01:27 +0000 [MT] Processing step: IDEDistributionODRStep
2026-04-17 02:01:27 +0000 [MT] Processing step: IDEDistributionStripXattrsStep
2026-04-17 02:01:27 +0000 [MT] Skipping stripping extended attributes because the codesign step will strip them.
2026-04-17 02:01:27 +0000 [MT] Processing step: IDEDistributionCodesignStep
2026-04-17 02:01:27 +0000 [MT] Entitlements for <IDEDistributionItem: 0x11a20f260; bundleID='org.galio.XMusic', path='<DVTFilePath:0x119195c60:'/Users/galio/Documents/Developer/AI/XMusic/build/XMusic.xcarchive/Products/Applications/XMusic.app'>', codeSigningInfo='<_DVTCodeSigningInformation_Path: 0x11a20e610; isSigned='1', isAdHocSigned='0', signingCertificate='<DVTSigningCertificate: 0x11a2b4490; name='Apple Development: 769565067@qq.com (45746P89LU)', hash='6E9E90074A09BC63EABDDF988BB839D66CFACB09', serialNumber='7F2D9E71F184AAB04E0A70390F0497C8', certificateKinds='(
    "1.2.840.113635.100.6.1.12",
    "1.2.840.113635.100.6.1.2"
), issueDate='2026-03-24 02:17:23 +0000''>', entitlements='{
    "application-identifier" = "8WLSQGT392.org.galio.XMusic";
    "com.apple.developer.team-identifier" = 8WLSQGT392;
    "get-task-allow" = 1;
}', teamID='8WLSQGT392', identifier='org.galio.XMusic', executablePath='<DVTFilePath:0x118aeca90:'/Users/galio/Documents/Developer/AI/XMusic/build/XMusic.xcarchive/Products/Applications/XMusic.app/XMusic'>', hardenedRuntime='0'>'>: {
    "application-identifier" = "8WLSQGT392.org.galio.XMusic";
    "com.apple.developer.team-identifier" = 8WLSQGT392;
    "get-task-allow" = 1;
}
2026-04-17 02:01:27 +0000 [MT] Associated App Clip Identifiers Filter: Skipping because "com.apple.developer.associated-appclip-app-identifiers" is not present
2026-04-17 02:01:27 +0000 [MT] Entitlements for <IDEDistributionItem: 0x11a20f260; bundleID='org.galio.XMusic', path='<DVTFilePath:0x119195c60:'/Users/galio/Documents/Developer/AI/XMusic/build/XMusic.xcarchive/Products/Applications/XMusic.app'>', codeSigningInfo='<_DVTCodeSigningInformation_Path: 0x11a20e610; isSigned='1', isAdHocSigned='0', signingCertificate='<DVTSigningCertificate: 0x126011940; name='Apple Development: 769565067@qq.com (45746P89LU)', hash='6E9E90074A09BC63EABDDF988BB839D66CFACB09', serialNumber='7F2D9E71F184AAB04E0A70390F0497C8', certificateKinds='(
    "1.2.840.113635.100.6.1.12",
    "1.2.840.113635.100.6.1.2"
), issueDate='2026-03-24 02:17:23 +0000''>', entitlements='{
    "application-identifier" = "8WLSQGT392.org.galio.XMusic";
    "com.apple.developer.team-identifier" = 8WLSQGT392;
    "get-task-allow" = 1;
}', teamID='8WLSQGT392', identifier='org.galio.XMusic', executablePath='<DVTFilePath:0x118aeca90:'/Users/galio/Documents/Developer/AI/XMusic/build/XMusic.xcarchive/Products/Applications/XMusic.app/XMusic'>', hardenedRuntime='0'>'> are: {
    "application-identifier" = "8WLSQGT392.org.galio.XMusic";
    "com.apple.developer.team-identifier" = 8WLSQGT392;
    "get-task-allow" = 1;
}
2026-04-17 02:01:27 +0000 [MT] Writing entitlements for <IDEDistributionItem: 0x11a20f260; bundleID='org.galio.XMusic', path='<DVTFilePath:0x119195c60:'/Users/galio/Documents/Developer/AI/XMusic/build/XMusic.xcarchive/Products/Applications/XMusic.app'>', codeSigningInfo='<_DVTCodeSigningInformation_Path: 0x11a20e610; isSigned='1', isAdHocSigned='0', signingCertificate='<DVTSigningCertificate: 0x1431a7c70; name='Apple Development: 769565067@qq.com (45746P89LU)', hash='6E9E90074A09BC63EABDDF988BB839D66CFACB09', serialNumber='7F2D9E71F184AAB04E0A70390F0497C8', certificateKinds='(
    "1.2.840.113635.100.6.1.12",
    "1.2.840.113635.100.6.1.2"
), issueDate='2026-03-24 02:17:23 +0000''>', entitlements='{
    "application-identifier" = "8WLSQGT392.org.galio.XMusic";
    "com.apple.developer.team-identifier" = 8WLSQGT392;
    "get-task-allow" = 1;
}', teamID='8WLSQGT392', identifier='org.galio.XMusic', executablePath='<DVTFilePath:0x118aeca90:'/Users/galio/Documents/Developer/AI/XMusic/build/XMusic.xcarchive/Products/Applications/XMusic.app/XMusic'>', hardenedRuntime='0'>'> to: /var/folders/lm/3nddj4b559z47w89kptqhd880000gn/T/XcodeDistPipeline.~~~hJcLB6/entitlements~~~iQ1QIV
2026-04-17 02:01:27 +0000 [MT] invoking codesign: <NSConcreteTask: 0x1191ce4f0; launchPath='/usr/bin/codesign', arguments='(
    "-f",
    "-s",
    6E9E90074A09BC63EABDDF988BB839D66CFACB09,
    "--entitlements",
    "/var/folders/lm/3nddj4b559z47w89kptqhd880000gn/T/XcodeDistPipeline.~~~hJcLB6/entitlements~~~iQ1QIV",
    "--preserve-metadata=identifier,flags,runtime,launch-constraints,library-constraints",
    "--generate-entitlement-der",
    "--strip-disallowed-xattrs",
    "-vvv",
    "/var/folders/lm/3nddj4b559z47w89kptqhd880000gn/T/XcodeDistPipeline.~~~hJcLB6/Root/Payload/XMusic.app"
)'>
2026-04-17 02:01:27 +0000 [MT] codesign output: /var/folders/lm/3nddj4b559z47w89kptqhd880000gn/T/XcodeDistPipeline.~~~hJcLB6/Root/Payload/XMusic.app: replacing existing signature
/var/folders/lm/3nddj4b559z47w89kptqhd880000gn/T/XcodeDistPipeline.~~~hJcLB6/Root/Payload/XMusic.app: signed app bundle with Mach-O thin (arm64) [org.galio.XMusic]
2026-04-17 02:01:27 +0000 [MT] Processing step: IDEDistributionZipODRItemStep
2026-04-17 02:01:27 +0000 [MT] Skipping step: IDEDistributionZipODRItemStep because it said so
2026-04-17 02:01:27 +0000 [MT] Processing step: IDEDistributionCreateIPAStep
2026-04-17 02:01:27 +0000 [MT] Running /usr/bin/ditto '-V' '-c' '-k' '--norsrc' '/var/folders/lm/3nddj4b559z47w89kptqhd880000gn/T/XcodeDistPipeline.~~~hJcLB6/Root' '/var/folders/lm/3nddj4b559z47w89kptqhd880000gn/T/XcodeDistPipeline.~~~hJcLB6/Packages/XMusic.ipa'
2026-04-17 02:01:27 +0000  >>> Copying /var/folders/lm/3nddj4b559z47w89kptqhd880000gn/T/XcodeDistPipeline.~~~hJcLB6/Root 
2026-04-17 02:01:27 +0000  copying file ./Payload/XMusic.app/_CodeSignature/CodeResources ... 
2026-04-17 02:01:27 +0000  3625 bytes for ./Payload/XMusic.app/_CodeSignature/CodeResources
2026-04-17 02:01:27 +0000  copying file ./Payload/XMusic.app/AppIcon60x60@2x.png ... 
2026-04-17 02:01:27 +0000  33173 bytes for ./Payload/XMusic.app/AppIcon60x60@2x.png
2026-04-17 02:01:27 +0000  copying file ./Payload/XMusic.app/Assets.car ... 
2026-04-17 02:01:27 +0000  2928856 bytes for ./Payload/XMusic.app/Assets.car
copying file ./Payload/XMusic.app/AppIcon76x76@2x~ipad.png ... 
2026-04-17 02:01:27 +0000  47556 bytes for ./Payload/XMusic.app/AppIcon76x76@2x~ipad.png
2026-04-17 02:01:27 +0000  copying file ./Payload/XMusic.app/LaunchScreen.storyboardc/01J-lp-oVM-view-Ze5-6b-2t3.nib ... 
2579 bytes for ./Payload/XMusic.app/LaunchScreen.storyboardc/01J-lp-oVM-view-Ze5-6b-2t3.nib
2026-04-17 02:01:27 +0000  copying file ./Payload/XMusic.app/LaunchScreen.storyboardc/UIViewController-01J-lp-oVM.nib ... 
924 bytes for ./Payload/XMusic.app/LaunchScreen.storyboardc/UIViewController-01J-lp-oVM.nib
2026-04-17 02:01:27 +0000  copying file ./Payload/XMusic.app/LaunchScreen.storyboardc/Info.plist ... 
258 bytes for ./Payload/XMusic.app/LaunchScreen.storyboardc/Info.plist
copying file ./Payload/XMusic.app/embedded.mobileprovision ... 
2026-04-17 02:01:27 +0000  12372 bytes for ./Payload/XMusic.app/embedded.mobileprovision
copying file ./Payload/XMusic.app/XMusic ... 
2026-04-17 02:01:27 +0000  2886128 bytes for ./Payload/XMusic.app/XMusic
copying file ./Payload/XMusic.app/Info.plist ... 
2026-04-17 02:01:27 +0000  1910 bytes for ./Payload/XMusic.app/Info.plist
copying file ./Payload/XMusic.app/PkgInfo ... 
8 bytes for ./Payload/XMusic.app/PkgInfo
2026-04-17 02:01:27 +0000 [MT] /usr/bin/ditto exited with 0
2026-04-17 02:01:27 +0000 [MT] Processing step: IDEDistributionAppStoreInformationStep
2026-04-17 02:01:27 +0000 [MT] Skipping step: IDEDistributionAppStoreInformationStep because it said so
2026-04-17 02:01:27 +0000 [MT] Processing step: IDEDistributionGenerateProcessedDistributionItems
2026-04-17 02:01:27 +0000 [MT] IDEDistributionItem init <DVTFilePath:0x1260a71c0:'/var/folders/lm/3nddj4b559z47w89kptqhd880000gn/T/XcodeDistPipeline.~~~hJcLB6/Root/Payload/XMusic.app'>
2026-04-17 02:01:27 +0000 [MT] Processing step: IDEDistributionCreateManifestStep
